18-May-25 22:14:59 - ERROR - Sunday 18 May 2025 10:14:58PM : Error in /register -> [Errno 2] No such file or directory: 'encodings.pkl'
18-May-25 22:15:24 - INFO - Sunday 18 May 2025 10:15:24PM: {'message': 'Encodings created successfully', 'encodings': '-0.14970196783542633 0.03657148778438568 0.06080903857946396 -0.028241906315088272 -0.06938037276268005 -0.041841521859169006 -0.04915974289178848 -0.0869145318865776 0.15004794299602509 -0.15196651220321655 0.20598666369915009 -0.038959942758083344 -0.21890856325626373 -0.06432252377271652 -0.060610800981521606 0.190114825963974 -0.1661628931760788 -0.08143448084592819 0.0120621956884861 -0.021231241524219513 0.13062027096748352 0.021405573934316635 0.0529199056327343 0.09074126929044724 -0.14085344970226288 -0.3754951059818268 -0.13348372280597687 -0.11850042641162872 0.03733096271753311 -0.034993670880794525 -0.033655472099781036 0.039532244205474854 -0.15959814190864563 -0.020378565415740013 -0.02061772719025612 0.015539510175585747 0.011695552617311478 -0.04349566623568535 0.17398487031459808 -0.0042030466720461845 -0.242926225066185 -0.04876325652003288 0.05679916590452194 0.19465287029743195 0.13552004098892212 0.09675697982311249 0.04387696832418442 -0.14113149046897888 0.08411885052919388 -0.21737530827522278 -0.00025568343698978424 0.09487416595220566 0.04623757675290108 0.021755235269665718 0.003161730244755745 -0.1687861531972885 0.010327193886041641 0.049365609884262085 -0.18853305280208588 0.013436206616461277 -0.018257681280374527 -0.06048591434955597 0.003253348171710968 -0.021573904901742935 0.2656562030315399 0.07942426949739456 -0.1349819302558899 -0.09579386562108994 0.2322947382926941 -0.18682605028152466 0.0003904295153915882 0.06323976814746857 -0.10598042607307434 -0.2043953686952591 -0.3084576427936554 0.0005708113312721252 0.4261278808116913 0.12613306939601898 -0.14263534545898438 0.06818962097167969 -0.11593962460756302 -0.014289140701293945 0.09440916776657104 0.1757708489894867 -0.03531532362103462 -0.003219345584511757 -0.06703365594148636 -0.013746298849582672 0.18913133442401886 -0.08016803860664368 0.0037603869568556547 0.21853910386562347 0.04741087928414345 0.10679196566343307 0.031428880989551544 0.06486334651708603 -0.14945465326309204 -0.013181677088141441 -0.12158262729644775 -0.004362990148365498 -0.020390000194311142 0.01918886974453926 0.017479993402957916 0.13568276166915894 -0.1393681913614273 0.13830165565013885 0.009093526750802994 -0.09271042793989182 0.004096724092960358 0.0701424703001976 -0.10650642216205597 -0.1369198113679886 0.0714600533246994 -0.1914091855287552 0.13417662680149078 0.17923133075237274 0.043947093188762665 0.20422497391700745 0.10499279201030731 0.1292814016342163 -0.02301805466413498 -0.027845660224556923 -0.17758430540561676 -0.0181196890771389 0.13533058762550354 -0.08770227432250977 0.04757489264011383 -0.024950426071882248', 'output': True}
18-May-25 22:15:51 - INFO - Sunday 18 May 2025 10:15:50PM: {'message': 'Encodings created successfully', 'encodings': '-0.14970196783542633 0.03657148778438568 0.06080903857946396 -0.028241906315088272 -0.06938037276268005 -0.041841521859169006 -0.04915974289178848 -0.0869145318865776 0.15004794299602509 -0.15196651220321655 0.20598666369915009 -0.038959942758083344 -0.21890856325626373 -0.06432252377271652 -0.060610800981521606 0.190114825963974 -0.1661628931760788 -0.08143448084592819 0.0120621956884861 -0.021231241524219513 0.13062027096748352 0.021405573934316635 0.0529199056327343 0.09074126929044724 -0.14085344970226288 -0.3754951059818268 -0.13348372280597687 -0.11850042641162872 0.03733096271753311 -0.034993670880794525 -0.033655472099781036 0.039532244205474854 -0.15959814190864563 -0.020378565415740013 -0.02061772719025612 0.015539510175585747 0.011695552617311478 -0.04349566623568535 0.17398487031459808 -0.0042030466720461845 -0.242926225066185 -0.04876325652003288 0.05679916590452194 0.19465287029743195 0.13552004098892212 0.09675697982311249 0.04387696832418442 -0.14113149046897888 0.08411885052919388 -0.21737530827522278 -0.00025568343698978424 0.09487416595220566 0.04623757675290108 0.021755235269665718 0.003161730244755745 -0.1687861531972885 0.010327193886041641 0.049365609884262085 -0.18853305280208588 0.013436206616461277 -0.018257681280374527 -0.06048591434955597 0.003253348171710968 -0.021573904901742935 0.2656562030315399 0.07942426949739456 -0.1349819302558899 -0.09579386562108994 0.2322947382926941 -0.18682605028152466 0.0003904295153915882 0.06323976814746857 -0.10598042607307434 -0.2043953686952591 -0.3084576427936554 0.0005708113312721252 0.4261278808116913 0.12613306939601898 -0.14263534545898438 0.06818962097167969 -0.11593962460756302 -0.014289140701293945 0.09440916776657104 0.1757708489894867 -0.03531532362103462 -0.003219345584511757 -0.06703365594148636 -0.013746298849582672 0.18913133442401886 -0.08016803860664368 0.0037603869568556547 0.21853910386562347 0.04741087928414345 0.10679196566343307 0.031428880989551544 0.06486334651708603 -0.14945465326309204 -0.013181677088141441 -0.12158262729644775 -0.004362990148365498 -0.020390000194311142 0.01918886974453926 0.017479993402957916 0.13568276166915894 -0.1393681913614273 0.13830165565013885 0.009093526750802994 -0.09271042793989182 0.004096724092960358 0.0701424703001976 -0.10650642216205597 -0.1369198113679886 0.0714600533246994 -0.1914091855287552 0.13417662680149078 0.17923133075237274 0.043947093188762665 0.20422497391700745 0.10499279201030731 0.1292814016342163 -0.02301805466413498 -0.027845660224556923 -0.17758430540561676 -0.0181196890771389 0.13533058762550354 -0.08770227432250977 0.04757489264011383 -0.024950426071882248', 'output': True}
18-May-25 22:16:24 - INFO - Detected Name: string with distance 0.0
18-May-25 22:16:24 - INFO - Sunday 18 May 2025 10:16:23PM : Output -> {'message': 'Recognition completed', 'result': 'string'}
18-May-25 22:19:16 - INFO - Detected Name: string with distance 0.378743296429148
18-May-25 22:19:16 - INFO - Sunday 18 May 2025 10:19:05PM : Output -> {'message': 'Recognition completed', 'result': 'string'}
18-May-25 22:19:41 - ERROR - Error in ImageEncoder.encode: OpenCV(4.11.0) D:\a\opencv-python\opencv-python\opencv\modules\imgproc\src\color.cpp:199: error: (-215:Assertion failed) !_src.empty() in function 'cv::cvtColor'

18-May-25 22:19:41 - ERROR - Sunday 18 May 2025 10:19:41PM : Error in /recognition -> No face detected in the image.
18-May-25 22:19:44 - ERROR - Error in ImageEncoder.encode: OpenCV(4.11.0) D:\a\opencv-python\opencv-python\opencv\modules\imgproc\src\color.cpp:199: error: (-215:Assertion failed) !_src.empty() in function 'cv::cvtColor'

18-May-25 22:19:44 - ERROR - Sunday 18 May 2025 10:19:44PM : Error in /recognition -> No face detected in the image.
18-May-25 22:20:04 - ERROR - Sunday 18 May 2025 10:19:53PM : Error in /recognition -> No face detected in the image.
18-May-25 22:20:22 - ERROR - Sunday 18 May 2025 10:20:12PM : Error in /recognition -> No face detected in the image.
18-May-25 22:20:34 - ERROR - Sunday 18 May 2025 10:20:24PM : Error in /recognition -> No face detected in the image.
18-May-25 22:20:50 - INFO - Detected Name: string with distance 0.5878532046038853
18-May-25 22:20:50 - INFO - Sunday 18 May 2025 10:20:40PM : Output -> {'message': 'Recognition completed', 'result': 'string'}
18-May-25 23:11:09 - INFO - Sunday 18 May 2025 11:11:08PM: {'message': 'Encodings created successfully', 'encodings': '-0.14970196783542633 0.03657148778438568 0.06080903857946396 -0.028241906315088272 -0.06938037276268005 -0.041841521859169006 -0.04915974289178848 -0.0869145318865776 0.15004794299602509 -0.15196651220321655 0.20598666369915009 -0.038959942758083344 -0.21890856325626373 -0.06432252377271652 -0.060610800981521606 0.190114825963974 -0.1661628931760788 -0.08143448084592819 0.0120621956884861 -0.021231241524219513 0.13062027096748352 0.021405573934316635 0.0529199056327343 0.09074126929044724 -0.14085344970226288 -0.3754951059818268 -0.13348372280597687 -0.11850042641162872 0.03733096271753311 -0.034993670880794525 -0.033655472099781036 0.039532244205474854 -0.15959814190864563 -0.020378565415740013 -0.02061772719025612 0.015539510175585747 0.011695552617311478 -0.04349566623568535 0.17398487031459808 -0.0042030466720461845 -0.242926225066185 -0.04876325652003288 0.05679916590452194 0.19465287029743195 0.13552004098892212 0.09675697982311249 0.04387696832418442 -0.14113149046897888 0.08411885052919388 -0.21737530827522278 -0.00025568343698978424 0.09487416595220566 0.04623757675290108 0.021755235269665718 0.003161730244755745 -0.1687861531972885 0.010327193886041641 0.049365609884262085 -0.18853305280208588 0.013436206616461277 -0.018257681280374527 -0.06048591434955597 0.003253348171710968 -0.021573904901742935 0.2656562030315399 0.07942426949739456 -0.1349819302558899 -0.09579386562108994 0.2322947382926941 -0.18682605028152466 0.0003904295153915882 0.06323976814746857 -0.10598042607307434 -0.2043953686952591 -0.3084576427936554 0.0005708113312721252 0.4261278808116913 0.12613306939601898 -0.14263534545898438 0.06818962097167969 -0.11593962460756302 -0.014289140701293945 0.09440916776657104 0.1757708489894867 -0.03531532362103462 -0.003219345584511757 -0.06703365594148636 -0.013746298849582672 0.18913133442401886 -0.08016803860664368 0.0037603869568556547 0.21853910386562347 0.04741087928414345 0.10679196566343307 0.031428880989551544 0.06486334651708603 -0.14945465326309204 -0.013181677088141441 -0.12158262729644775 -0.004362990148365498 -0.020390000194311142 0.01918886974453926 0.017479993402957916 0.13568276166915894 -0.1393681913614273 0.13830165565013885 0.009093526750802994 -0.09271042793989182 0.004096724092960358 0.0701424703001976 -0.10650642216205597 -0.1369198113679886 0.0714600533246994 -0.1914091855287552 0.13417662680149078 0.17923133075237274 0.043947093188762665 0.20422497391700745 0.10499279201030731 0.1292814016342163 -0.02301805466413498 -0.027845660224556923 -0.17758430540561676 -0.0181196890771389 0.13533058762550354 -0.08770227432250977 0.04757489264011383 -0.024950426071882248', 'output': True}
18-May-25 23:11:29 - ERROR - Error in ImageEncoder.encode: OpenCV(4.11.0) D:\a\opencv-python\opencv-python\opencv\modules\imgproc\src\color.cpp:199: error: (-215:Assertion failed) !_src.empty() in function 'cv::cvtColor'

18-May-25 23:11:29 - ERROR - Sunday 18 May 2025 11:11:29PM : Error in /recognition -> No face detected in the image.
18-May-25 23:11:34 - ERROR - Error in ImageEncoder.encode: OpenCV(4.11.0) D:\a\opencv-python\opencv-python\opencv\modules\imgproc\src\color.cpp:199: error: (-215:Assertion failed) !_src.empty() in function 'cv::cvtColor'

18-May-25 23:11:34 - ERROR - Sunday 18 May 2025 11:11:34PM : Error in /recognition -> No face detected in the image.
18-May-25 23:11:51 - INFO - Detected Name: string with distance 0.4383519371612043
18-May-25 23:11:51 - INFO - Sunday 18 May 2025 11:11:40PM : Output -> {'message': 'Recognition completed', 'result': 'string'}
18-May-25 23:12:27 - INFO - Detected Name: string with distance 0.5507710813534525
18-May-25 23:12:27 - INFO - Sunday 18 May 2025 11:12:15PM : Output -> {'message': 'Recognition completed', 'result': 'string'}
18-May-25 23:12:48 - INFO - Detected Name: string with distance 0.5507710813534525
18-May-25 23:12:48 - INFO - Sunday 18 May 2025 11:12:36PM : Output -> {'message': 'Recognition completed', 'result': 'string'}
18-May-25 23:13:07 - INFO - Detected Name: string with distance 0.7336282581811534
18-May-25 23:13:07 - INFO - Sunday 18 May 2025 11:12:57PM : Output -> {'message': 'Recognition completed', 'result': 'string'}
18-May-25 23:13:22 - INFO - Detected Name: string with distance 0.7336282581811534
18-May-25 23:13:22 - INFO - Sunday 18 May 2025 11:13:12PM : Output -> {'message': 'Recognition completed', 'result': 'string'}
29-May-25 23:29:36 - INFO - Thursday 29 May 2025 11:29:35PM: {'message': 'Encodings created successfully', 'encodings': '-0.16552463173866272 0.1003948524594307 0.06393855810165405 -0.04076948016881943 -0.07390683889389038 -0.026809124276041985 -0.057821184396743774 -0.10942839831113815 0.1843649446964264 -0.18005871772766113 0.14815360307693481 -5.3017400205135345e-05 -0.19828243553638458 -0.05591299757361412 -0.06896892189979553 0.19830621778964996 -0.14415021240711212 -0.14679619669914246 -0.06009999290108681 0.0038012880831956863 0.055112943053245544 -0.017127947881817818 0.0989086702466011 0.06965802609920502 -0.16452714800834656 -0.3967920243740082 -0.12240297347307205 -0.07379616796970367 0.004899120889604092 -0.04870053753256798 -0.0038406290113925934 0.009239573031663895 -0.19819095730781555 -0.03369058668613434 0.0004262719303369522 0.0821203887462616 0.037691630423069 -0.06818052381277084 0.20048975944519043 -0.0371415838599205 -0.25198572874069214 -0.06716585159301758 0.07461313903331757 0.21623623371124268 0.18667633831501007 0.016345959156751633 0.05105535686016083 -0.11153551191091537 0.1562211811542511 -0.25871655344963074 0.010218901559710503 0.0678863450884819 -0.002546807285398245 0.07084886729717255 0.06196470186114311 -0.11072780936956406 0.08774425089359283 0.1309274435043335 -0.1903589814901352 -0.023339768871665 0.012205617502331734 -0.043312590569257736 0.004169694148004055 0.022830739617347717 0.2550698220729828 0.1060967817902565 -0.13132542371749878 -0.1305002123117447 0.21416105329990387 -0.1826866716146469 0.0727103054523468 0.07038163393735886 -0.08788169175386429 -0.17145518958568573 -0.32414335012435913 -0.010540302842855453 0.45157161355018616 0.16776108741760254 -0.140696182847023 0.019911224022507668 -0.12127961963415146 0.0016239346005022526 0.07757885754108429 0.12577234208583832 -0.03825348615646362 -0.013766033574938774 -0.09860645979642868 0.019888583570718765 0.22388622164726257 0.005029300227761269 -0.028376298025250435 0.19622120261192322 0.06589813530445099 0.032101742923259735 0.047733377665281296 0.13390208780765533 -0.1916073113679886 -0.03418280556797981 -0.1599787324666977 0.030592113733291626 -0.02894257754087448 0.0348505899310112 -0.008712406270205975 0.1531360149383545 -0.12746171653270721 0.159608393907547 -0.02769012190401554 -0.06612733751535416 -0.024736102670431137 0.05987472087144852 -0.08773990720510483 -0.11626698076725006 0.04660147801041603 -0.20053723454475403 0.11718781292438507 0.15670683979988098 -0.030345460399985313 0.18682193756103516 0.062767893075943 0.11932772397994995 -0.023072898387908936 0.003112412989139557 -0.1092434674501419 -0.07980642467737198 0.06803181022405624 -0.06517000496387482 0.07308019697666168 -0.021389732137322426', 'output': True}
29-May-25 23:31:20 - INFO - Detected Name: Mansi  with distance 0.6158167886945402
29-May-25 23:31:20 - INFO - Thursday 29 May 2025 11:31:14PM : Output -> {'message': 'Recognition completed', 'result': 'Mansi '}
29-May-25 23:34:56 - INFO - Detected: Mansi  with distance 0.6158167886945402
29-May-25 23:34:56 - INFO - Thursday 29 May 2025 11:34:50PM : Output -> {'message': 'Recognition completed', 'result': {'name': 'Unknown', 'score': np.float64(0.3842)}}
29-May-25 23:35:20 - ERROR - Thursday 29 May 2025 11:35:19PM : Error in /recognition -> No face detected in the image.
29-May-25 23:35:48 - ERROR - Thursday 29 May 2025 11:35:48PM : Error in /recognition -> No face detected in the image.
29-May-25 23:36:37 - INFO - Detected: Mansi  with distance 0.39653221949453993
29-May-25 23:36:37 - INFO - Thursday 29 May 2025 11:36:04PM : Output -> {'message': 'Recognition completed', 'result': {'name': 'Mansi ', 'score': np.float64(0.6035)}}
30-May-25 00:14:02 - ERROR - Error in recognizer.py > authenticate > Ran out of input
30-May-25 00:14:02 - ERROR - /mark-attendance -> '>' not supported between instances of 'NoneType' and 'float'
30-May-25 00:24:24 - ERROR - Error in recognizer.py > authenticate > Ran out of input
30-May-25 00:27:00 - ERROR - Error in recognizer.py > authenticate > Ran out of input
30-May-25 08:52:49 - ERROR - /mark-attendance -> No face detected in the image.
30-May-25 08:52:52 - ERROR - /mark-attendance -> No face detected in the image.
30-May-25 08:53:46 - ERROR - /mark-attendance -> OpenCV(4.11.0) D:\a\opencv-python\opencv-python\opencv\modules\imgproc\src\color.cpp:199: error: (-215:Assertion failed) !_src.empty() in function 'cv::cvtColor'

30-May-25 09:06:31 - ERROR - /register -> No face detected in the image.
30-May-25 20:51:50 - ERROR - /mark-attendance -> No face detected in the image.
31-May-25 09:24:54 - WARNING - (trapped) error reading bcrypt version
Traceback (most recent call last):
  File "C:\Documents\Projects\face_recognition\frs-env\Lib\site-packages\passlib\handlers\bcrypt.py", line 620, in _load_backend_mixin
    version = _bcrypt.__about__.__version__
              ^^^^^^^^^^^^^^^^^
AttributeError: module 'bcrypt' has no attribute '__about__'
31-May-25 09:24:55 - ERROR - /signup -> no such table: login
31-May-25 09:27:14 - WARNING - (trapped) error reading bcrypt version
Traceback (most recent call last):
  File "C:\Documents\Projects\face_recognition\frs-env\Lib\site-packages\passlib\handlers\bcrypt.py", line 620, in _load_backend_mixin
    version = _bcrypt.__about__.__version__
              ^^^^^^^^^^^^^^^^^
AttributeError: module 'bcrypt' has no attribute '__about__'
31-May-25 09:27:15 - ERROR - /signup -> table login has no column named username
31-May-25 10:43:20 - ERROR - /register -> No face detected in the image.
01-Jun-25 22:07:35 - ERROR - /mark-attendance -> No face detected in the image.
